1642007500590:list-books
1642094683317:list-authors
1642094686271:list comments
1642094690087:list-genres
1642094693057:list-comments
1642094712688:list-comments 61e06039e27e1c156c8e0bc5
1642094723145:add-book
1642094728200:Test
1642094731495:2
1642094739138:2, 3
1642094741550:list-books
1642094754858:add-author
1642094787262:Bloch
1642094790355:Joshua
1642094794325:list-authors
1642094896573:edit-book 61e06093e27e1c156c8e0bc8
1642094899520:edit-book
1642094909856:update-book
1642094911543:61e06093e27e1c156c8e0bc8
1642094921659:Effective Java
1642094924788:61e060c7e27e1c156c8e0bc9
1642094943318:61e06039e27e1c156c8e0bc1, 61e06039e27e1c156c8e0bc2
1642094946783:list-books
1642094956853:add-comment
1642094961966:61e06093e27e1c156c8e0bc8
1642094967361:Admin
1642094973465:Very cool book
1642094976877:add-comment
1642094978731:61e06093e27e1c156c8e0bc8
1642094981619:User1
1642094985245:Test comment
1642094987275:list-books
1642094998603:get-coomment
1642095004575:get-comment
1642095010063:61e06093e27e1c156c8e0bc8
1642095014878:c8da1f3f-6235-4bc6-b82b-5bae68e04c36
1642095022974:update-comments
1642095027804:update-comment
1642095035643:61e06093e27e1c156c8e0bc8
1642095040601:c8da1f3f-6235-4bc6-b82b-5bae68e04c36
1642095084883:Comment text
1642095086931:list-books
1642095093807:delete-comment
1642095098762:61e06093e27e1c156c8e0bc8
1642095103358:c8da1f3f-6235-4bc6-b82b-5bae68e04c36
1642095105753:list-books
1642095303140:list-authors
1642095312297:delete-author
1642095319970:delete-author 61e060c7e27e1c156c8e0bc9
1642095323101:list-books
1642096867213:list-authors
1642096878022:delete-author 61e068d65097013bc1624fc3
1642096931314:list-authors
1642096937827:delete-author 61e0691b029df07a8f20f0c3
1642096967391:list-authors
1642096977935:delete-author 61e06941d7cb0a04d2e6d852
1642097636384:list-books
1642097642536:list-authors
1642097648956:gelete-author 61e06bde89ab134d2e9df927
1642097658466:delete-author 61e06bde89ab134d2e9df927
1642097696118:list-authors
1642097702088:delete-author 61e06c12de47551346b99187
1642098076797:list-books
1642098412995:list-authors
1642098423230:delete-author 61e06ee25c1cf5204bc5a258
1642098631837:list-books
1642098638281:list-authros
1642098642302:list-authors
1642098665241:delete-author 61e06fbcf103101fec972e6c
1642098804829:list-books
1642098812839:list-authors
1642098820203:delete-author 61e07068db6a785b958f7fea
1642098859727:list-authors
1642098867913:delete-author 61e070a5a73d8b05ec41890a
1642099364340:list-authors
1642099374298:delete-author 61e07288bd0a917949806e5e
1642099390050:delete-author 61e07288bd0a917949806e60
1642099399897:list-authors
1642099650795:list-genres
1642099654671:add-genre
1642099656976:TEst
1642099660116:list-genres
1642099667817:delete-genre 61e073befcad1066b8b724e5
1642099675195:delete-genre 61e073c8fcad1066b8b724ec
1642099680599:list-genres
